MONGODB [DEBUG] Logging level is currently :debug which could negatively impact client-side performance. You should set your logging level no lower than :info in production.
MONGODB (35ms) admin['$cmd'].find({:ismaster=>1}).limit(-1)
MONGODB [DEBUG] Logging level is currently :debug which could negatively impact client-side performance. You should set your logging level no lower than :info in production.
MONGODB (0ms) admin['$cmd'].find({:ismaster=>1}).limit(-1)
MONGODB [DEBUG] Logging level is currently :debug which could negatively impact client-side performance. You should set your logging level no lower than :info in production.
MONGODB (0ms) admin['$cmd'].find({:ismaster=>1}).limit(-1)
MONGODB [DEBUG] Logging level is currently :debug which could negatively impact client-side performance. You should set your logging level no lower than :info in production.
MONGODB (0ms) admin['$cmd'].find({:ismaster=>1}).limit(-1)
  [1m[36m (0.2ms)[0m  [1mselect sqlite_version(*)[0m
  [1m[35m (454.1ms)[0m  CREATE TABLE "schema_migrations" ("version" varchar(255) NOT NULL) 
  [1m[36m (0.1ms)[0m  [1mPRAGMA index_list("schema_migrations")[0m
  [1m[35m (340.3ms)[0m  CREATE UNIQUE INDEX "unique_schema_migrations" ON "schema_migrations" ("version")
  [1m[36m (0.1ms)[0m  [1mSELECT "schema_migrations"."version" FROM "schema_migrations" [0m
MONGODB [DEBUG] Logging level is currently :debug which could negatively impact client-side performance. You should set your logging level no lower than :info in production.
MONGODB (0ms) admin['$cmd'].find({:ismaster=>1}).limit(-1)
  [1m[36m (0.1ms)[0m  [1mSELECT "schema_migrations"."version" FROM "schema_migrations" [0m
Migrating to CreateAdminNotes (20120529160705)
  [1m[35m (0.0ms)[0m  select sqlite_version(*)
  [1m[36m (0.0ms)[0m  [1mbegin transaction[0m
  [1m[35m (0.3ms)[0m  CREATE TABLE "admin_notes" ("id" INTEGER PRIMARY KEY AUTOINCREMENT NOT NULL, "resource_id" varchar(255) NOT NULL, "resource_type" varchar(255) NOT NULL, "admin_user_id" integer, "admin_user_type" varchar(255), "body" text, "created_at" datetime NOT NULL, "updated_at" datetime NOT NULL) 
  [1m[36m (0.0ms)[0m  [1mPRAGMA index_list("admin_notes")[0m
  [1m[35m (0.1ms)[0m  CREATE INDEX "index_admin_notes_on_resource_type_and_resource_id" ON "admin_notes" ("resource_type", "resource_id")
  [1m[36m (0.0ms)[0m  [1mPRAGMA index_list("admin_notes")[0m
  [1m[35m (0.0ms)[0m  PRAGMA index_info('index_admin_notes_on_resource_type_and_resource_id')
  [1m[36m (0.1ms)[0m  [1mCREATE INDEX "index_admin_notes_on_admin_user_type_and_admin_user_id" ON "admin_notes" ("admin_user_type", "admin_user_id")[0m
  [1m[35m (0.1ms)[0m  INSERT INTO "schema_migrations" ("version") VALUES ('20120529160705')
  [1m[36m (803.8ms)[0m  [1mcommit transaction[0m
Migrating to MoveAdminNotesToComments (20120529160706)
  [1m[35m (0.1ms)[0m  begin transaction
  [1m[36m (0.1ms)[0m  [1mPRAGMA index_list("admin_notes")[0m
  [1m[35m (0.1ms)[0m  PRAGMA index_info('index_admin_notes_on_admin_user_type_and_admin_user_id')
  [1m[36m (0.1ms)[0m  [1mPRAGMA index_info('index_admin_notes_on_resource_type_and_resource_id')[0m
  [1m[35m (0.4ms)[0m  DROP INDEX "index_admin_notes_on_admin_user_type_and_admin_user_id"
  [1m[36m (0.4ms)[0m  [1mALTER TABLE "admin_notes" RENAME TO "active_admin_comments"[0m
  [1m[35m (0.5ms)[0m  CREATE TEMPORARY TABLE "altered_active_admin_comments" ("id" INTEGER PRIMARY KEY AUTOINCREMENT NOT NULL, "resource_id" varchar(255) NOT NULL, "resource_type" varchar(255) NOT NULL, "admin_user_id" integer, "author_type" varchar(255), "body" text, "created_at" datetime NOT NULL, "updated_at" datetime NOT NULL) 
  [1m[36m (0.1ms)[0m  [1mPRAGMA index_list("active_admin_comments")[0m
  [1m[35m (0.1ms)[0m  PRAGMA index_info('index_admin_notes_on_resource_type_and_resource_id')
  [1m[36m (0.0ms)[0m  [1mPRAGMA index_list("altered_active_admin_comments")[0m
  [1m[35m (0.2ms)[0m  CREATE INDEX "temp_index_admin_notes_on_resource_type_and_resource_id" ON "altered_active_admin_comments" ("resource_type", "resource_id")
  [1m[36m (0.1ms)[0m  [1mSELECT * FROM "active_admin_comments"[0m
  [1m[35m (0.3ms)[0m  DROP TABLE "active_admin_comments"
  [1m[36m (0.2ms)[0m  [1mCREATE TABLE "active_admin_comments" ("id" INTEGER PRIMARY KEY AUTOINCREMENT NOT NULL, "resource_id" varchar(255) NOT NULL, "resource_type" varchar(255) NOT NULL, "admin_user_id" integer, "author_type" varchar(255), "body" text, "created_at" datetime NOT NULL, "updated_at" datetime NOT NULL) [0m
  [1m[35m (0.1ms)[0m  PRAGMA index_list("altered_active_admin_comments")
  [1m[36m (0.1ms)[0m  [1mPRAGMA index_info('temp_index_admin_notes_on_resource_type_and_resource_id')[0m
  [1m[35m (0.0ms)[0m  PRAGMA index_list("active_admin_comments")
  [1m[36m (0.2ms)[0m  [1mCREATE INDEX "index_admin_notes_on_resource_type_and_resource_id" ON "active_admin_comments" ("resource_type", "resource_id")[0m
  [1m[35m (0.1ms)[0m  SELECT * FROM "altered_active_admin_comments"
  [1m[36m (0.3ms)[0m  [1mDROP TABLE "altered_active_admin_comments"[0m
  [1m[35m (0.2ms)[0m  CREATE TEMPORARY TABLE "altered_active_admin_comments" ("id" INTEGER PRIMARY KEY AUTOINCREMENT NOT NULL, "resource_id" varchar(255) NOT NULL, "resource_type" varchar(255) NOT NULL, "author_id" integer, "author_type" varchar(255), "body" text, "created_at" datetime NOT NULL, "updated_at" datetime NOT NULL) 
  [1m[36m (0.1ms)[0m  [1mPRAGMA index_list("active_admin_comments")[0m
  [1m[35m (0.1ms)[0m  PRAGMA index_info('index_admin_notes_on_resource_type_and_resource_id')
  [1m[36m (0.0ms)[0m  [1mPRAGMA index_list("altered_active_admin_comments")[0m
  [1m[35m (0.2ms)[0m  CREATE INDEX "temp_index_admin_notes_on_resource_type_and_resource_id" ON "altered_active_admin_comments" ("resource_type", "resource_id")
  [1m[36m (0.1ms)[0m  [1mSELECT * FROM "active_admin_comments"[0m
  [1m[35m (0.3ms)[0m  DROP TABLE "active_admin_comments"
  [1m[36m (0.1ms)[0m  [1mCREATE TABLE "active_admin_comments" ("id" INTEGER PRIMARY KEY AUTOINCREMENT NOT NULL, "resource_id" varchar(255) NOT NULL, "resource_type" varchar(255) NOT NULL, "author_id" integer, "author_type" varchar(255), "body" text, "created_at" datetime NOT NULL, "updated_at" datetime NOT NULL) [0m
  [1m[35m (0.0ms)[0m  PRAGMA index_list("altered_active_admin_comments")
  [1m[36m (0.1ms)[0m  [1mPRAGMA index_info('temp_index_admin_notes_on_resource_type_and_resource_id')[0m
  [1m[35m (0.0ms)[0m  PRAGMA index_list("active_admin_comments")
  [1m[36m (0.1ms)[0m  [1mCREATE INDEX "index_admin_notes_on_resource_type_and_resource_id" ON "active_admin_comments" ("resource_type", "resource_id")[0m
  [1m[35m (0.0ms)[0m  SELECT * FROM "altered_active_admin_comments"
  [1m[36m (0.1ms)[0m  [1mDROP TABLE "altered_active_admin_comments"[0m
  [1m[35m (0.1ms)[0m  ALTER TABLE "active_admin_comments" ADD "namespace" varchar(255)
  [1m[36m (0.0ms)[0m  [1mPRAGMA index_list("active_admin_comments")[0m
  [1m[35m (0.0ms)[0m  PRAGMA index_info('index_admin_notes_on_resource_type_and_resource_id')
  [1m[36m (0.1ms)[0m  [1mCREATE INDEX "index_active_admin_comments_on_namespace" ON "active_admin_comments" ("namespace")[0m
  [1m[35m (0.0ms)[0m  PRAGMA index_list("active_admin_comments")
  [1m[36m (0.0ms)[0m  [1mPRAGMA index_info('index_active_admin_comments_on_namespace')[0m
  [1m[35m (0.0ms)[0m  PRAGMA index_info('index_admin_notes_on_resource_type_and_resource_id')
  [1m[36m (0.1ms)[0m  [1mCREATE INDEX "index_active_admin_comments_on_author_type_and_author_id" ON "active_admin_comments" ("author_type", "author_id")[0m
  [1m[35m (0.1ms)[0m  UPDATE active_admin_comments SET namespace='admin'
  [1m[36m (0.1ms)[0m  [1mINSERT INTO "schema_migrations" ("version") VALUES ('20120529160706')[0m
  [1m[35m (653.4ms)[0m  commit transaction
  [1m[36m (0.2ms)[0m  [1mselect sqlite_version(*)[0m
  [1m[35m (0.1ms)[0m  SELECT "schema_migrations"."version" FROM "schema_migrations" 
  [1m[36m (0.0ms)[0m  [1mPRAGMA index_list("active_admin_comments")[0m
  [1m[35m (0.0ms)[0m  PRAGMA index_info('index_active_admin_comments_on_author_type_and_author_id')
  [1m[36m (0.0ms)[0m  [1mPRAGMA index_info('index_active_admin_comments_on_namespace')[0m
  [1m[35m (0.0ms)[0m  PRAGMA index_info('index_admin_notes_on_resource_type_and_resource_id')
MONGODB [DEBUG] Logging level is currently :debug which could negatively impact client-side performance. You should set your logging level no lower than :info in production.
MONGODB (0ms) admin['$cmd'].find({:ismaster=>1}).limit(-1)
  [1m[36m (0.1ms)[0m  [1mSELECT "schema_migrations"."version" FROM "schema_migrations" [0m
  [1m[35m (0.2ms)[0m  select sqlite_version(*)
  [1m[36m (499.7ms)[0m  [1mCREATE TABLE "active_admin_comments" ("id" INTEGER PRIMARY KEY AUTOINCREMENT NOT NULL, "resource_id" varchar(255) NOT NULL, "resource_type" varchar(255) NOT NULL, "author_id" integer, "author_type" varchar(255), "body" text, "created_at" datetime NOT NULL, "updated_at" datetime NOT NULL, "namespace" varchar(255)) [0m
  [1m[35m (0.1ms)[0m  PRAGMA index_list("active_admin_comments")
  [1m[36m (276.3ms)[0m  [1mCREATE INDEX "index_active_admin_comments_on_author_type_and_author_id" ON "active_admin_comments" ("author_type", "author_id")[0m
  [1m[35m (0.1ms)[0m  PRAGMA index_list("active_admin_comments")
  [1m[36m (0.1ms)[0m  [1mPRAGMA index_info('index_active_admin_comments_on_author_type_and_author_id')[0m
  [1m[35m (434.0ms)[0m  CREATE INDEX "index_active_admin_comments_on_namespace" ON "active_admin_comments" ("namespace")
  [1m[36m (0.1ms)[0m  [1mPRAGMA index_list("active_admin_comments")[0m
  [1m[35m (0.1ms)[0m  PRAGMA index_info('index_active_admin_comments_on_namespace')
  [1m[36m (0.1ms)[0m  [1mPRAGMA index_info('index_active_admin_comments_on_author_type_and_author_id')[0m
  [1m[35m (331.4ms)[0m  CREATE INDEX "index_admin_notes_on_resource_type_and_resource_id" ON "active_admin_comments" ("resource_type", "resource_id")
  [1m[36m (478.9ms)[0m  [1mCREATE TABLE "schema_migrations" ("version" varchar(255) NOT NULL) [0m
  [1m[35m (0.1ms)[0m  PRAGMA index_list("schema_migrations")
  [1m[36m (508.8ms)[0m  [1mCREATE UNIQUE INDEX "unique_schema_migrations" ON "schema_migrations" ("version")[0m
  [1m[35m (0.1ms)[0m  SELECT version FROM "schema_migrations"
  [1m[36m (353.2ms)[0m  [1mINSERT INTO "schema_migrations" (version) VALUES ('20120529160706')[0m
  [1m[35m (333.2ms)[0m  INSERT INTO "schema_migrations" (version) VALUES ('20120529160705')
MONGODB [DEBUG] Logging level is currently :debug which could negatively impact client-side performance. You should set your logging level no lower than :info in production.
MONGODB (0ms) admin['$cmd'].find({:ismaster=>1}).limit(-1)
  [1m[36m (0.1ms)[0m  [1mSELECT "schema_migrations"."version" FROM "schema_migrations" [0m
  [1m[35m (0.2ms)[0m  select sqlite_version(*)
  [1m[36m (594.5ms)[0m  [1mCREATE TABLE "active_admin_comments" ("id" INTEGER PRIMARY KEY AUTOINCREMENT NOT NULL, "resource_id" varchar(255) NOT NULL, "resource_type" varchar(255) NOT NULL, "author_id" integer, "author_type" varchar(255), "body" text, "created_at" datetime NOT NULL, "updated_at" datetime NOT NULL, "namespace" varchar(255)) [0m
  [1m[35m (0.1ms)[0m  PRAGMA index_list("active_admin_comments")
  [1m[36m (340.2ms)[0m  [1mCREATE INDEX "index_active_admin_comments_on_author_type_and_author_id" ON "active_admin_comments" ("author_type", "author_id")[0m
  [1m[35m (0.1ms)[0m  PRAGMA index_list("active_admin_comments")
  [1m[36m (0.1ms)[0m  [1mPRAGMA index_info('index_active_admin_comments_on_author_type_and_author_id')[0m
  [1m[35m (481.2ms)[0m  CREATE INDEX "index_active_admin_comments_on_namespace" ON "active_admin_comments" ("namespace")
  [1m[36m (0.1ms)[0m  [1mPRAGMA index_list("active_admin_comments")[0m
  [1m[35m (0.1ms)[0m  PRAGMA index_info('index_active_admin_comments_on_namespace')
  [1m[36m (0.1ms)[0m  [1mPRAGMA index_info('index_active_admin_comments_on_author_type_and_author_id')[0m
  [1m[35m (383.1ms)[0m  CREATE INDEX "index_admin_notes_on_resource_type_and_resource_id" ON "active_admin_comments" ("resource_type", "resource_id")
  [1m[36m (538.4ms)[0m  [1mCREATE TABLE "schema_migrations" ("version" varchar(255) NOT NULL) [0m
  [1m[35m (0.1ms)[0m  PRAGMA index_list("schema_migrations")
  [1m[36m (382.8ms)[0m  [1mCREATE UNIQUE INDEX "unique_schema_migrations" ON "schema_migrations" ("version")[0m
  [1m[35m (0.1ms)[0m  SELECT version FROM "schema_migrations"
  [1m[36m (332.1ms)[0m  [1mINSERT INTO "schema_migrations" (version) VALUES ('20120529160706')[0m
  [1m[35m (333.1ms)[0m  INSERT INTO "schema_migrations" (version) VALUES ('20120529160705')
MONGODB [DEBUG] Logging level is currently :debug which could negatively impact client-side performance. You should set your logging level no lower than :info in production.
MONGODB (0ms) admin['$cmd'].find({:ismaster=>1}).limit(-1)
  [1m[36m (0.1ms)[0m  [1mSELECT "schema_migrations"."version" FROM "schema_migrations" [0m
  [1m[35m (0.2ms)[0m  select sqlite_version(*)
  [1m[36m (1687.3ms)[0m  [1mCREATE TABLE "active_admin_comments" ("id" INTEGER PRIMARY KEY AUTOINCREMENT NOT NULL, "resource_id" varchar(255) NOT NULL, "resource_type" varchar(255) NOT NULL, "author_id" integer, "author_type" varchar(255), "body" text, "created_at" datetime NOT NULL, "updated_at" datetime NOT NULL, "namespace" varchar(255)) [0m
  [1m[35m (0.0ms)[0m  PRAGMA index_list("active_admin_comments")
  [1m[36m (339.1ms)[0m  [1mCREATE INDEX "index_active_admin_comments_on_author_type_and_author_id" ON "active_admin_comments" ("author_type", "author_id")[0m
  [1m[35m (0.1ms)[0m  PRAGMA index_list("active_admin_comments")
  [1m[36m (0.1ms)[0m  [1mPRAGMA index_info('index_active_admin_comments_on_author_type_and_author_id')[0m
  [1m[35m (493.7ms)[0m  CREATE INDEX "index_active_admin_comments_on_namespace" ON "active_admin_comments" ("namespace")
  [1m[36m (0.1ms)[0m  [1mPRAGMA index_list("active_admin_comments")[0m
  [1m[35m (0.1ms)[0m  PRAGMA index_info('index_active_admin_comments_on_namespace')
  [1m[36m (0.1ms)[0m  [1mPRAGMA index_info('index_active_admin_comments_on_author_type_and_author_id')[0m
  [1m[35m (381.6ms)[0m  CREATE INDEX "index_admin_notes_on_resource_type_and_resource_id" ON "active_admin_comments" ("resource_type", "resource_id")
  [1m[36m (528.5ms)[0m  [1mCREATE TABLE "schema_migrations" ("version" varchar(255) NOT NULL) [0m
  [1m[35m (0.1ms)[0m  PRAGMA index_list("schema_migrations")
  [1m[36m (425.6ms)[0m  [1mCREATE UNIQUE INDEX "unique_schema_migrations" ON "schema_migrations" ("version")[0m
  [1m[35m (0.1ms)[0m  SELECT version FROM "schema_migrations"
  [1m[36m (387.9ms)[0m  [1mINSERT INTO "schema_migrations" (version) VALUES ('20120529160706')[0m
  [1m[35m (377.6ms)[0m  INSERT INTO "schema_migrations" (version) VALUES ('20120529160705')
MONGODB [DEBUG] Logging level is currently :debug which could negatively impact client-side performance. You should set your logging level no lower than :info in production.
MONGODB (0ms) admin['$cmd'].find({:ismaster=>1}).limit(-1)


Started GET "/assets/rails.png" for 66.90.217.168 at 2012-06-05 16:22:17 -0500
Served asset /rails.png - 200 OK (3ms)


Started GET "/admin" for 66.90.217.168 at 2012-06-05 16:22:17 -0500
Processing by Admin::DashboardController#index as HTML
Completed 401 Unauthorized in 1ms


Started GET "/admin/login" for 66.90.217.168 at 2012-06-05 16:22:18 -0500
Processing by ActiveAdmin::Devise::SessionsController#new as HTML
DEPRECATION WARNING: f.buttons is deprecated in favour of f.actions and will be removed from Formtastic after 2.1. Please see ActionsHelper and InputAction or ButtonAction for more information. (called from realtime at /home/benwbrum/.rvm/rubies/ruby-1.9.3-p125/lib/ruby/1.9.1/benchmark.rb:295)
DEPRECATION WARNING: f.commit_button is deprecated in favour of f.action(:submit) and will be removed from Formtastic after 2.1. Please see ActionsHelper and InputAction or ButtonAction for more information. (called from realtime at /home/benwbrum/.rvm/rubies/ruby-1.9.3-p125/lib/ruby/1.9.1/benchmark.rb:295)
  Rendered /home/benwbrum/.rvm/gems/ruby-1.9.3-p125@global/gems/activeadmin-0.4.4/app/views/active_admin/devise/shared/_links.erb (1.0ms)
  Rendered /home/benwbrum/.rvm/gems/ruby-1.9.3-p125@global/gems/activeadmin-0.4.4/app/views/active_admin/devise/sessions/new.html.erb within layouts/active_admin_logged_out (200.2ms)
Compiled active_admin.css  (1429ms)  (pid 19458)
Compiled jquery.js  (1ms)  (pid 19458)
Compiled jquery-ui.js  (25ms)  (pid 19458)
Compiled jquery_ujs.js  (0ms)  (pid 19458)
Compiled active_admin/application.js  (0ms)  (pid 19458)
Compiled active_admin/base.js  (162ms)  (pid 19458)
Compiled active_admin.js  (169ms)  (pid 19458)
Completed 200 OK in 1923ms (Views: 1922.0ms | ActiveRecord: 0.0ms)


Started GET "/assets/jquery.js?body=1" for 66.90.217.168 at 2012-06-05 16:22:20 -0500
Served asset /jquery.js - 200 OK (19ms)


Started GET "/assets/active_admin.css?body=1" for 66.90.217.168 at 2012-06-05 16:22:20 -0500
Served asset /active_admin.css - 200 OK (8ms)


Started GET "/assets/jquery_ujs.js?body=1" for 66.90.217.168 at 2012-06-05 16:22:20 -0500
Served asset /jquery_ujs.js - 200 OK (1ms)


Started GET "/assets/jquery-ui.js?body=1" for 66.90.217.168 at 2012-06-05 16:22:20 -0500
Served asset /jquery-ui.js - 200 OK (2ms)
MONGODB [DEBUG] Logging level is currently :debug which could negatively impact client-side performance. You should set your logging level no lower than :info in production.
MONGODB (0ms) admin['$cmd'].find({:ismaster=>1}).limit(-1)


Started GET "/assets/active_admin/application.js?body=1" for 66.90.217.168 at 2012-06-05 16:22:21 -0500
Served asset /active_admin/application.js - 200 OK (2ms)


Started GET "/assets/active_admin/base.js?body=1" for 66.90.217.168 at 2012-06-05 16:22:21 -0500
Served asset /active_admin/base.js - 200 OK (29ms)


Started GET "/assets/active_admin.js?body=1" for 66.90.217.168 at 2012-06-05 16:22:21 -0500
Served asset /active_admin.js - 200 OK (6ms)


Started POST "/admin/login" for 66.90.217.168 at 2012-06-05 16:50:08 -0500
Processing by ActiveAdmin::Devise::SessionsController#create as HTML
  Parameters: {"utf8"=>"✓", "authenticity_token"=>"twKBvMupUpi63MWcxh9QlUMExelJTozW1UJvMDE/uLU=", "admin_user"=>{"email"=>"admin@example.com", "password"=>"[FILTERED]", "remember_me"=>"0"}, "commit"=>"Login"}
Redirected to http://mvmerge.aspengrovefarm.com/admin
Completed 302 Found in 338ms (ActiveRecord: 0.0ms)


Started GET "/admin" for 66.90.217.168 at 2012-06-05 16:50:08 -0500
Processing by Admin::DashboardController#index as HTML
  Rendered /home/benwbrum/.rvm/gems/ruby-1.9.3-p125@global/gems/activeadmin-0.4.4/app/views/active_admin/dashboard/index.html.arb (48.8ms)
Completed 200 OK in 82ms (Views: 78.2ms | ActiveRecord: 0.0ms)


Started GET "/assets/active_admin.css?body=1" for 66.90.217.168 at 2012-06-05 16:50:09 -0500
Served asset /active_admin.css - 304 Not Modified (13ms)


Started GET "/assets/active_admin.js" for 66.90.217.168 at 2012-06-05 16:50:09 -0500
Served asset /active_admin.js - 200 OK (0ms)


Started GET "/admin" for 66.90.217.168 at 2012-06-05 17:08:35 -0500
Processing by Admin::DashboardController#index as HTML
  Rendered /home/benwbrum/.rvm/gems/ruby-1.9.3-p125@global/gems/activeadmin-0.4.4/app/views/active_admin/dashboard/index.html.arb (5.7ms)
Completed 200 OK in 15ms (Views: 11.4ms | ActiveRecord: 0.0ms)


Started GET "/assets/active_admin.css?body=1" for 66.90.217.168 at 2012-06-05 17:08:35 -0500
Served asset /active_admin.css - 304 Not Modified (33ms)


Started GET "/admin/logout" for 66.90.217.168 at 2012-06-05 17:09:33 -0500
Processing by ActiveAdmin::Devise::SessionsController#destroy as HTML
  Parameters: {"authenticity_token"=>"twKBvMupUpi63MWcxh9QlUMExelJTozW1UJvMDE/uLU="}
Completed 500 Internal Server Error in 27ms

NoMethodError (undefined method `remember_created_at=' for #<AdminUser:0x000000042b7240>):
  activemodel (3.2.3) lib/active_model/attribute_methods.rb:407:in `method_missing'
  devise (2.1.0) lib/devise/models/rememberable.rb:61:in `forget_me!'
  devise (2.1.0) lib/devise/controllers/rememberable.rb:32:in `forget_me'
  devise (2.1.0) lib/devise/hooks/forgetable.rb:7:in `block in <top (required)>'
  warden (1.1.1) lib/warden/hooks.rb:14:in `call'
  warden (1.1.1) lib/warden/hooks.rb:14:in `block in _run_callbacks'
  warden (1.1.1) lib/warden/hooks.rb:9:in `each'
  warden (1.1.1) lib/warden/hooks.rb:9:in `_run_callbacks'
  warden (1.1.1) lib/warden/manager.rb:53:in `_run_callbacks'
  warden (1.1.1) lib/warden/proxy.rb:243:in `block in logout'
  warden (1.1.1) lib/warden/proxy.rb:241:in `each'
  warden (1.1.1) lib/warden/proxy.rb:241:in `logout'
  devise (2.1.0) lib/devise/controllers/helpers.rb:156:in `sign_out_all_scopes'
  devise (2.1.0) lib/devise/controllers/helpers.rb:138:in `sign_out'
  devise (2.1.0) app/controllers/devise/sessions_controller.rb:23:in `destroy'
  actionpack (3.2.3) lib/action_controller/metal/implicit_render.rb:4:in `send_action'
  actionpack (3.2.3) lib/abstract_controller/base.rb:167:in `process_action'
  actionpack (3.2.3) lib/action_controller/metal/rendering.rb:10:in `process_action'
  actionpack (3.2.3) lib/abstract_controller/callbacks.rb:18:in `block in process_action'
  activesupport (3.2.3) lib/active_support/callbacks.rb:425:in `_run__3895328212371382497__process_action__283048984956106644__callbacks'
  activesupport (3.2.3) lib/active_support/callbacks.rb:405:in `__run_callback'
  activesupport (3.2.3) lib/active_support/callbacks.rb:385:in `_run_process_action_callbacks'
  activesupport (3.2.3) lib/active_support/callbacks.rb:81:in `run_callbacks'
  actionpack (3.2.3) lib/abstract_controller/callbacks.rb:17:in `process_action'
  actionpack (3.2.3) lib/action_controller/metal/rescue.rb:29:in `process_action'
  actionpack (3.2.3) lib/action_controller/metal/instrumentation.rb:30:in `block in process_action'
  activesupport (3.2.3) lib/active_support/notifications.rb:123:in `block in instrument'
  activesupport (3.2.3) lib/active_support/notifications/instrumenter.rb:20:in `instrument'
  activesupport (3.2.3) lib/active_support/notifications.rb:123:in `instrument'
  actionpack (3.2.3) lib/action_controller/metal/instrumentation.rb:29:in `process_action'
  actionpack (3.2.3) lib/action_controller/metal/params_wrapper.rb:205:in `process_action'
  activerecord (3.2.3) lib/active_record/railties/controller_runtime.rb:18:in `process_action'
  actionpack (3.2.3) lib/abstract_controller/base.rb:121:in `process'
  actionpack (3.2.3) lib/abstract_controller/rendering.rb:45:in `process'
  actionpack (3.2.3) lib/action_controller/metal.rb:203:in `dispatch'
  actionpack (3.2.3) lib/action_controller/metal/rack_delegation.rb:14:in `dispatch'
  actionpack (3.2.3) lib/action_controller/metal.rb:246:in `block in action'
  actionpack (3.2.3) lib/action_dispatch/routing/route_set.rb:73:in `call'
  actionpack (3.2.3) lib/action_dispatch/routing/route_set.rb:73:in `dispatch'
  actionpack (3.2.3) lib/action_dispatch/routing/route_set.rb:36:in `call'
  actionpack (3.2.3) lib/action_dispatch/routing/mapper.rb:40:in `call'
  journey (1.0.3) lib/journey/router.rb:68:in `block in call'
  journey (1.0.3) lib/journey/router.rb:56:in `each'
  journey (1.0.3) lib/journey/router.rb:56:in `call'
  actionpack (3.2.3) lib/action_dispatch/routing/route_set.rb:600:in `call'
  sass (3.1.19) lib/sass/plugin/rack.rb:54:in `call'
  mongo_mapper (0.11.1) lib/mongo_mapper/middleware/identity_map.rb:10:in `call'
  warden (1.1.1) lib/warden/manager.rb:35:in `block in call'
  warden (1.1.1) lib/warden/manager.rb:34:in `catch'
  warden (1.1.1) lib/warden/manager.rb:34:in `call'
  actionpack (3.2.3) lib/action_dispatch/middleware/best_standards_support.rb:17:in `call'
  rack (1.4.1) lib/rack/etag.rb:23:in `call'
  rack (1.4.1) lib/rack/conditionalget.rb:25:in `call'
  actionpack (3.2.3) lib/action_dispatch/middleware/head.rb:14:in `call'
  actionpack (3.2.3) lib/action_dispatch/middleware/params_parser.rb:21:in `call'
  actionpack (3.2.3) lib/action_dispatch/middleware/flash.rb:242:in `call'
  rack (1.4.1) lib/rack/session/abstract/id.rb:205:in `context'
  rack (1.4.1) lib/rack/session/abstract/id.rb:200:in `call'
  actionpack (3.2.3) lib/action_dispatch/middleware/cookies.rb:338:in `call'
  activerecord (3.2.3) lib/active_record/query_cache.rb:64:in `call'
  activerecord (3.2.3) lib/active_record/connection_adapters/abstract/connection_pool.rb:467:in `call'
  actionpack (3.2.3) lib/action_dispatch/middleware/callbacks.rb:28:in `block in call'
  activesupport (3.2.3) lib/active_support/callbacks.rb:405:in `_run__1995740072158897769__call__3970743708453935015__callbacks'
  activesupport (3.2.3) lib/active_support/callbacks.rb:405:in `__run_callback'
  activesupport (3.2.3) lib/active_support/callbacks.rb:385:in `_run_call_callbacks'
  activesupport (3.2.3) lib/active_support/callbacks.rb:81:in `run_callbacks'
  actionpack (3.2.3) lib/action_dispatch/middleware/callbacks.rb:27:in `call'
  actionpack (3.2.3) lib/action_dispatch/middleware/reloader.rb:65:in `call'
  actionpack (3.2.3) lib/action_dispatch/middleware/remote_ip.rb:31:in `call'
  actionpack (3.2.3) lib/action_dispatch/middleware/debug_exceptions.rb:16:in `call'
  actionpack (3.2.3) lib/action_dispatch/middleware/show_exceptions.rb:56:in `call'
  railties (3.2.3) lib/rails/rack/logger.rb:26:in `call_app'
  railties (3.2.3) lib/rails/rack/logger.rb:16:in `call'
  actionpack (3.2.3) lib/action_dispatch/middleware/request_id.rb:22:in `call'
  rack (1.4.1) lib/rack/methodoverride.rb:21:in `call'
  rack (1.4.1) lib/rack/runtime.rb:17:in `call'
  activesupport (3.2.3) lib/active_support/cache/strategy/local_cache.rb:72:in `call'
  rack (1.4.1) lib/rack/lock.rb:15:in `call'
  actionpack (3.2.3) lib/action_dispatch/middleware/static.rb:62:in `call'
  railties (3.2.3) lib/rails/engine.rb:479:in `call'
  railties (3.2.3) lib/rails/application.rb:220:in `call'
  railties (3.2.3) lib/rails/railtie/configurable.rb:30:in `method_missing'
  passenger (3.0.12) lib/phusion_passenger/rack/request_handler.rb:96:in `process_request'
  passenger (3.0.12) lib/phusion_passenger/abstract_request_handler.rb:513:in `accept_and_process_next_request'
  passenger (3.0.12) lib/phusion_passenger/abstract_request_handler.rb:274:in `main_loop'
  passenger (3.0.12) lib/phusion_passenger/rack/application_spawner.rb:206:in `start_request_handler'
  passenger (3.0.12) lib/phusion_passenger/rack/application_spawner.rb:79:in `block in spawn_application'
  passenger (3.0.12) lib/phusion_passenger/utils.rb:479:in `safe_fork'
  passenger (3.0.12) lib/phusion_passenger/rack/application_spawner.rb:64:in `spawn_application'
  passenger (3.0.12) lib/phusion_passenger/spawn_manager.rb:264:in `spawn_rack_application'
  passenger (3.0.12) lib/phusion_passenger/spawn_manager.rb:137:in `spawn_application'
  passenger (3.0.12) lib/phusion_passenger/spawn_manager.rb:275:in `handle_spawn_application'
  passenger (3.0.12) lib/phusion_passenger/abstract_server.rb:357:in `server_main_loop'
  passenger (3.0.12) lib/phusion_passenger/abstract_server.rb:206:in `start_synchronously'
  passenger (3.0.12) helper-scripts/passenger-spawn-server:99:in `<main>'


  Rendered /home/benwbrum/.rvm/gems/ruby-1.9.3-p125@global/gems/actionpack-3.2.3/lib/action_dispatch/middleware/templates/rescues/_trace.erb (5.3ms)
  Rendered /home/benwbrum/.rvm/gems/ruby-1.9.3-p125@global/gems/actionpack-3.2.3/lib/action_dispatch/middleware/templates/rescues/_request_and_response.erb (1.9ms)
  Rendered /home/benwbrum/.rvm/gems/ruby-1.9.3-p125@global/gems/actionpack-3.2.3/lib/action_dispatch/middleware/templates/rescues/diagnostics.erb within rescues/layout (19.1ms)


Started GET "/admin/" for 66.90.217.168 at 2012-06-05 17:09:45 -0500
Processing by Admin::DashboardController#index as HTML
  Rendered /home/benwbrum/.rvm/gems/ruby-1.9.3-p125@global/gems/activeadmin-0.4.4/app/views/active_admin/dashboard/index.html.arb (10.9ms)
Completed 200 OK in 16ms (Views: 13.9ms | ActiveRecord: 0.0ms)


Started GET "/assets/active_admin.css?body=1" for 66.90.217.168 at 2012-06-05 17:09:45 -0500
Served asset /active_admin.css - 304 Not Modified (30ms)


Started GET "/admin/logout" for 66.90.217.168 at 2012-06-05 17:10:55 -0500
Processing by ActiveAdmin::Devise::SessionsController#destroy as HTML
  Parameters: {"authenticity_token"=>"twKBvMupUpi63MWcxh9QlUMExelJTozW1UJvMDE/uLU="}
Completed 500 Internal Server Error in 8ms

NoMethodError (undefined method `remember_created_at=' for #<AdminUser:0x000000042b7970>):
  activemodel (3.2.3) lib/active_model/attribute_methods.rb:407:in `method_missing'
  devise (2.1.0) lib/devise/models/rememberable.rb:61:in `forget_me!'
  devise (2.1.0) lib/devise/controllers/rememberable.rb:32:in `forget_me'
  devise (2.1.0) lib/devise/hooks/forgetable.rb:7:in `block in <top (required)>'
  warden (1.1.1) lib/warden/hooks.rb:14:in `call'
  warden (1.1.1) lib/warden/hooks.rb:14:in `block in _run_callbacks'
  warden (1.1.1) lib/warden/hooks.rb:9:in `each'
  warden (1.1.1) lib/warden/hooks.rb:9:in `_run_callbacks'
  warden (1.1.1) lib/warden/manager.rb:53:in `_run_callbacks'
  warden (1.1.1) lib/warden/proxy.rb:243:in `block in logout'
  warden (1.1.1) lib/warden/proxy.rb:241:in `each'
  warden (1.1.1) lib/warden/proxy.rb:241:in `logout'
  devise (2.1.0) lib/devise/controllers/helpers.rb:156:in `sign_out_all_scopes'
  devise (2.1.0) lib/devise/controllers/helpers.rb:138:in `sign_out'
  devise (2.1.0) app/controllers/devise/sessions_controller.rb:23:in `destroy'
  actionpack (3.2.3) lib/action_controller/metal/implicit_render.rb:4:in `send_action'
  actionpack (3.2.3) lib/abstract_controller/base.rb:167:in `process_action'
  actionpack (3.2.3) lib/action_controller/metal/rendering.rb:10:in `process_action'
  actionpack (3.2.3) lib/abstract_controller/callbacks.rb:18:in `block in process_action'
  activesupport (3.2.3) lib/active_support/callbacks.rb:425:in `_run__3895328212371382497__process_action__283048984956106644__callbacks'
  activesupport (3.2.3) lib/active_support/callbacks.rb:405:in `__run_callback'
  activesupport (3.2.3) lib/active_support/callbacks.rb:385:in `_run_process_action_callbacks'
  activesupport (3.2.3) lib/active_support/callbacks.rb:81:in `run_callbacks'
  actionpack (3.2.3) lib/abstract_controller/callbacks.rb:17:in `process_action'
  actionpack (3.2.3) lib/action_controller/metal/rescue.rb:29:in `process_action'
  actionpack (3.2.3) lib/action_controller/metal/instrumentation.rb:30:in `block in process_action'
  activesupport (3.2.3) lib/active_support/notifications.rb:123:in `block in instrument'
  activesupport (3.2.3) lib/active_support/notifications/instrumenter.rb:20:in `instrument'
  activesupport (3.2.3) lib/active_support/notifications.rb:123:in `instrument'
  actionpack (3.2.3) lib/action_controller/metal/instrumentation.rb:29:in `process_action'
  actionpack (3.2.3) lib/action_controller/metal/params_wrapper.rb:205:in `process_action'
  activerecord (3.2.3) lib/active_record/railties/controller_runtime.rb:18:in `process_action'
  actionpack (3.2.3) lib/abstract_controller/base.rb:121:in `process'
  actionpack (3.2.3) lib/abstract_controller/rendering.rb:45:in `process'
  actionpack (3.2.3) lib/action_controller/metal.rb:203:in `dispatch'
  actionpack (3.2.3) lib/action_controller/metal/rack_delegation.rb:14:in `dispatch'
  actionpack (3.2.3) lib/action_controller/metal.rb:246:in `block in action'
  actionpack (3.2.3) lib/action_dispatch/routing/route_set.rb:73:in `call'
  actionpack (3.2.3) lib/action_dispatch/routing/route_set.rb:73:in `dispatch'
  actionpack (3.2.3) lib/action_dispatch/routing/route_set.rb:36:in `call'
  actionpack (3.2.3) lib/action_dispatch/routing/mapper.rb:40:in `call'
  journey (1.0.3) lib/journey/router.rb:68:in `block in call'
  journey (1.0.3) lib/journey/router.rb:56:in `each'
  journey (1.0.3) lib/journey/router.rb:56:in `call'
  actionpack (3.2.3) lib/action_dispatch/routing/route_set.rb:600:in `call'
  sass (3.1.19) lib/sass/plugin/rack.rb:54:in `call'
  mongo_mapper (0.11.1) lib/mongo_mapper/middleware/identity_map.rb:10:in `call'
  warden (1.1.1) lib/warden/manager.rb:35:in `block in call'
  warden (1.1.1) lib/warden/manager.rb:34:in `catch'
  warden (1.1.1) lib/warden/manager.rb:34:in `call'
  actionpack (3.2.3) lib/action_dispatch/middleware/best_standards_support.rb:17:in `call'
  rack (1.4.1) lib/rack/etag.rb:23:in `call'
  rack (1.4.1) lib/rack/conditionalget.rb:25:in `call'
  actionpack (3.2.3) lib/action_dispatch/middleware/head.rb:14:in `call'
  actionpack (3.2.3) lib/action_dispatch/middleware/params_parser.rb:21:in `call'
  actionpack (3.2.3) lib/action_dispatch/middleware/flash.rb:242:in `call'
  rack (1.4.1) lib/rack/session/abstract/id.rb:205:in `context'
  rack (1.4.1) lib/rack/session/abstract/id.rb:200:in `call'
  actionpack (3.2.3) lib/action_dispatch/middleware/cookies.rb:338:in `call'
  activerecord (3.2.3) lib/active_record/query_cache.rb:64:in `call'
  activerecord (3.2.3) lib/active_record/connection_adapters/abstract/connection_pool.rb:467:in `call'
  actionpack (3.2.3) lib/action_dispatch/middleware/callbacks.rb:28:in `block in call'
  activesupport (3.2.3) lib/active_support/callbacks.rb:405:in `_run__1995740072158897769__call__3970743708453935015__callbacks'
  activesupport (3.2.3) lib/active_support/callbacks.rb:405:in `__run_callback'
  activesupport (3.2.3) lib/active_support/callbacks.rb:385:in `_run_call_callbacks'
  activesupport (3.2.3) lib/active_support/callbacks.rb:81:in `run_callbacks'
  actionpack (3.2.3) lib/action_dispatch/middleware/callbacks.rb:27:in `call'
  actionpack (3.2.3) lib/action_dispatch/middleware/reloader.rb:65:in `call'
  actionpack (3.2.3) lib/action_dispatch/middleware/remote_ip.rb:31:in `call'
  actionpack (3.2.3) lib/action_dispatch/middleware/debug_exceptions.rb:16:in `call'
  actionpack (3.2.3) lib/action_dispatch/middleware/show_exceptions.rb:56:in `call'
  railties (3.2.3) lib/rails/rack/logger.rb:26:in `call_app'
  railties (3.2.3) lib/rails/rack/logger.rb:16:in `call'
  actionpack (3.2.3) lib/action_dispatch/middleware/request_id.rb:22:in `call'
  rack (1.4.1) lib/rack/methodoverride.rb:21:in `call'
  rack (1.4.1) lib/rack/runtime.rb:17:in `call'
  activesupport (3.2.3) lib/active_support/cache/strategy/local_cache.rb:72:in `call'
  rack (1.4.1) lib/rack/lock.rb:15:in `call'
  actionpack (3.2.3) lib/action_dispatch/middleware/static.rb:62:in `call'
  railties (3.2.3) lib/rails/engine.rb:479:in `call'
  railties (3.2.3) lib/rails/application.rb:220:in `call'
  railties (3.2.3) lib/rails/railtie/configurable.rb:30:in `method_missing'
  passenger (3.0.12) lib/phusion_passenger/rack/request_handler.rb:96:in `process_request'
  passenger (3.0.12) lib/phusion_passenger/abstract_request_handler.rb:513:in `accept_and_process_next_request'
  passenger (3.0.12) lib/phusion_passenger/abstract_request_handler.rb:274:in `main_loop'
  passenger (3.0.12) lib/phusion_passenger/rack/application_spawner.rb:206:in `start_request_handler'
  passenger (3.0.12) lib/phusion_passenger/rack/application_spawner.rb:79:in `block in spawn_application'
  passenger (3.0.12) lib/phusion_passenger/utils.rb:479:in `safe_fork'
  passenger (3.0.12) lib/phusion_passenger/rack/application_spawner.rb:64:in `spawn_application'
  passenger (3.0.12) lib/phusion_passenger/spawn_manager.rb:264:in `spawn_rack_application'
  passenger (3.0.12) lib/phusion_passenger/spawn_manager.rb:137:in `spawn_application'
  passenger (3.0.12) lib/phusion_passenger/spawn_manager.rb:275:in `handle_spawn_application'
  passenger (3.0.12) lib/phusion_passenger/abstract_server.rb:357:in `server_main_loop'
  passenger (3.0.12) lib/phusion_passenger/abstract_server.rb:206:in `start_synchronously'
  passenger (3.0.12) helper-scripts/passenger-spawn-server:99:in `<main>'


  Rendered /home/benwbrum/.rvm/gems/ruby-1.9.3-p125@global/gems/actionpack-3.2.3/lib/action_dispatch/middleware/templates/rescues/_trace.erb (2.3ms)
  Rendered /home/benwbrum/.rvm/gems/ruby-1.9.3-p125@global/gems/actionpack-3.2.3/lib/action_dispatch/middleware/templates/rescues/_request_and_response.erb (0.7ms)
  Rendered /home/benwbrum/.rvm/gems/ruby-1.9.3-p125@global/gems/actionpack-3.2.3/lib/action_dispatch/middleware/templates/rescues/diagnostics.erb within rescues/layout (8.3ms)


Started GET "/admin/logout" for 66.90.217.168 at 2012-06-05 17:11:28 -0500
Processing by ActiveAdmin::Devise::SessionsController#destroy as HTML
  Parameters: {"authenticity_token"=>"twKBvMupUpi63MWcxh9QlUMExelJTozW1UJvMDE/uLU="}
Redirected to http://mvmerge.aspengrovefarm.com/admin
Completed 302 Found in 6ms (ActiveRecord: 0.0ms)


Started GET "/admin" for 66.90.217.168 at 2012-06-05 17:11:28 -0500
Processing by Admin::DashboardController#index as HTML
Completed 401 Unauthorized in 39ms


Started GET "/admin/login" for 66.90.217.168 at 2012-06-05 17:11:28 -0500
Processing by ActiveAdmin::Devise::SessionsController#new as HTML
DEPRECATION WARNING: f.buttons is deprecated in favour of f.actions and will be removed from Formtastic after 2.1. Please see ActionsHelper and InputAction or ButtonAction for more information. (called from realtime at /home/benwbrum/.rvm/rubies/ruby-1.9.3-p125/lib/ruby/1.9.1/benchmark.rb:295)
DEPRECATION WARNING: f.commit_button is deprecated in favour of f.action(:submit) and will be removed from Formtastic after 2.1. Please see ActionsHelper and InputAction or ButtonAction for more information. (called from realtime at /home/benwbrum/.rvm/rubies/ruby-1.9.3-p125/lib/ruby/1.9.1/benchmark.rb:295)
  Rendered /home/benwbrum/.rvm/gems/ruby-1.9.3-p125@global/gems/activeadmin-0.4.4/app/views/active_admin/devise/shared/_links.erb (0.3ms)
  Rendered /home/benwbrum/.rvm/gems/ruby-1.9.3-p125@global/gems/activeadmin-0.4.4/app/views/active_admin/devise/sessions/new.html.erb within layouts/active_admin_logged_out (20.7ms)
Completed 200 OK in 29ms (Views: 27.7ms | ActiveRecord: 0.0ms)


Started GET "/assets/active_admin.css?body=1" for 66.90.217.168 at 2012-06-05 17:11:28 -0500
Served asset /active_admin.css - 304 Not Modified (12ms)


Started GET "/assets/jquery-ui.js?body=1" for 66.90.217.168 at 2012-06-05 17:11:28 -0500
Served asset /jquery-ui.js - 304 Not Modified (2ms)


Started GET "/assets/jquery.js?body=1" for 66.90.217.168 at 2012-06-05 17:11:28 -0500
Served asset /jquery.js - 304 Not Modified (1ms)


Started GET "/assets/active_admin/base.js?body=1" for 66.90.217.168 at 2012-06-05 17:11:28 -0500
Served asset /active_admin/base.js - 304 Not Modified (1ms)


Started GET "/assets/jquery_ujs.js?body=1" for 66.90.217.168 at 2012-06-05 17:11:28 -0500
Served asset /jquery_ujs.js - 304 Not Modified (0ms)


Started GET "/assets/active_admin/application.js?body=1" for 66.90.217.168 at 2012-06-05 17:11:28 -0500
Served asset /active_admin/application.js - 304 Not Modified (0ms)


Started GET "/assets/active_admin.js?body=1" for 66.90.217.168 at 2012-06-05 17:11:28 -0500
Served asset /active_admin.js - 304 Not Modified (25ms)
MONGODB [DEBUG] Logging level is currently :debug which could negatively impact client-side performance. You should set your logging level no lower than :info in production.
MONGODB (0ms) admin['$cmd'].find({:ismaster=>1}).limit(-1)
